<?xml version="1.0" encoding="UTF-8"?>
<!-- Generated by org.testng.reporters.JUnitReportReporter -->
<testsuite hostname="MSI" failures="0" tests="2" name="com.bhaane.tests.SearchTest" time="8.205" errors="0" timestamp="2025-02-28T22:07:59 IST" skipped="0">
  <testcase classname="com.bhaane.tests.SearchTest" name="testInvalidSearchFunctionality" time="4.454"/>
  <system-out/>
  <testcase classname="com.bhaane.tests.SearchTest" name="testSearchFunctionality" time="3.751"/>
  <system-out/>
</testsuite> <!-- com.bhaane.tests.SearchTest -->
